<?xml version="1.0" encoding="UTF-8"?>
<testsuite xmlns:xsi="http://www.w3.org/2001/XMLSchema-instance" xsi:noNamespaceSchemaLocation="https://maven.apache.org/surefire/maven-surefire-plugin/xsd/surefire-test-report.xsd" version="3.0.2" name="org.example.validation.ValidationApplicationTests" time="11.654" tests="1" errors="0" skipped="0" failures="0" flakes="0">
  <properties>
[...]
</properties>
  <testcase name="contextLoads" classname="org.example.validation.ValidationApplicationTests" time="0.896">
    <system-out><![CDATA[12:56:29.175 [main] INFO org.springframework.test.context.support.AnnotationConfigContextLoaderUtils -- Could not detect default configuration classes for test class [org.example.validation.ValidationApplicationTests]: ValidationApplicationTests does not declare any static, non-private, non-final, nested classes annotated with @Configuration.
12:56:29.361 [main] INFO org.springframework.boot.test.context.SpringBootTestContextBootstrapper -- Found @SpringBootConfiguration org.example.validation.ValidationApplication for test class org.example.validation.ValidationApplicationTests
12:56:29.562 [main] INFO org.springframework.test.context.support.AnnotationConfigContextLoaderUtils -- Could not detect default configuration classes for test class [org.example.validation.ValidationApplicationTests]: ValidationApplicationTests does not declare any static, non-private, non-final, nested classes annotated with @Configuration.
12:56:29.565 [main] INFO org.springframework.boot.test.context.SpringBootTestContextBootstrapper -- Found @SpringBootConfiguration org.example.validation.ValidationApplication for test class org.example.validation.ValidationApplicationTests

  .   ____          _            __ _ _
 /\\ / ___'_ __ _ _(_)_ __  __ _ \ \ \ \
( ( )\___ | '_ | '_| | '_ \/ _` | \ \ \ \
 \\/  ___)| |_)| | | | | || (_| |  ) ) ) )
  '  |____| .__|_| |_|_| |_\__, | / / / /
 =========|_|==============|___/=/_/_/_/

 :: Spring Boot ::                (v4.0.4)

2026-03-26T12:56:30.494+05:30  INFO 19532 --- [validation] [           main] o.e.v.ValidationApplicationTests         : Starting ValidationApplicationTests using Java 21.0.9 with PID 19532 (started by BSARAN in C:\fullstack-course\Maven\validation)
2026-03-26T12:56:30.498+05:30  INFO 19532 --- [validation] [           main] o.e.v.ValidationApplicationTests         : No active profile set, falling back to 1 default profile: "default"
2026-03-26T12:56:32.567+05:30  INFO 19532 --- [validation] [           main] .s.d.r.c.RepositoryConfigurationDelegate : Bootstrapping Spring Data JPA repositories in DEFAULT mode.
2026-03-26T12:56:32.656+05:30  INFO 19532 --- [validation] [           main] .s.d.r.c.RepositoryConfigurationDelegate : Finished Spring Data repository scanning in 75 ms. Found 1 JPA repository interface.
2026-03-26T12:56:33.650+05:30  INFO 19532 --- [validation] [           main] org.hibernate.orm.jpa                    : HHH008540: Processing PersistenceUnitInfo [name: default]
2026-03-26T12:56:33.837+05:30  INFO 19532 --- [validation] [           main] org.hibernate.orm.core                   : HHH000001: Hibernate ORM core version 7.2.7.Final
2026-03-26T12:56:34.751+05:30  INFO 19532 --- [validation] [           main] o.s.o.j.p.SpringPersistenceUnitInfo      : No LoadTimeWeaver setup: ignoring JPA class transformer
2026-03-26T12:56:34.792+05:30  INFO 19532 --- [validation] [           main] com.zaxxer.hikari.HikariDataSource       : HikariPool-1 - Starting...
2026-03-26T12:56:35.464+05:30  INFO 19532 --- [validation] [           main] com.zaxxer.hikari.pool.HikariPool        : HikariPool-1 - Added connection com.mysql.cj.jdbc.ConnectionImpl@13ddaffb
2026-03-26T12:56:35.470+05:30  INFO 19532 --- [validation] [           main] com.zaxxer.hikari.HikariDataSource       : HikariPool-1 - Start completed.
2026-03-26T12:56:35.698+05:30  INFO 19532 --- [validation] [           main] org.hibernate.orm.connections.pooling    : HHH10001005: Database info:
	Database JDBC URL [jdbc:mysql://localhost:3306/validation]
	Database driver: MySQL Connector/J
	Database dialect: MySQLDialect
	Database version: 8.0.45
	Default catalog/schema: validation/undefined
	Autocommit mode: undefined/unknown
	Isolation level: REPEATABLE_READ [default REPEATABLE_READ]
	JDBC fetch size: none
	Pool: DataSourceConnectionProvider
	Minimum pool size: undefined/unknown
	Maximum pool size: undefined/unknown
2026-03-26T12:56:37.043+05:30  INFO 19532 --- [validation] [           main] org.hibernate.orm.core                   : HHH000489: No JTA platform available (set 'hibernate.transaction.jta.platform' to enable JTA platform integration)
2026-03-26T12:56:37.121+05:30  INFO 19532 --- [validation] [           main] j.LocalContainerEntityManagerFactoryBean : Initialized JPA EntityManagerFactory for persistence unit 'default'
2026-03-26T12:56:37.288+05:30  INFO 19532 --- [validation] [           main] o.s.d.j.r.query.QueryEnhancerFactories   : Hibernate is in classpath; If applicable, HQL parser will be used.
2026-03-26T12:56:38.084+05:30  WARN 19532 --- [validation] [           main] JpaBaseConfiguration$JpaWebConfiguration : spring.jpa.open-in-view is enabled by default. Therefore, database queries may be performed during view rendering. Explicitly configure spring.jpa.open-in-view to disable this warning
2026-03-26T12:56:39.326+05:30  INFO 19532 --- [validation] [           main] o.e.v.ValidationApplicationTests         : Started ValidationApplicationTests in 9.63 seconds (process running for 12.697)
]]></system-out>
    <system-err><![CDATA[Mockito is currently self-attaching to enable the inline-mock-maker. This will no longer work in future releases of the JDK. Please add Mockito as an agent to your build as described in Mockito's documentation: https://javadoc.io/doc/org.mockito/mockito-core/latest/org.mockito/org/mockito/Mockito.html#0.3
WARNING: A Java agent has been loaded dynamically (C:\Users\BSARAN\.m2\repository\net\bytebuddy\byte-buddy-agent\1.17.8\byte-buddy-agent-1.17.8.jar)
WARNING: If a serviceability tool is in use, please run with -XX:+EnableDynamicAgentLoading to hide this warning
WARNING: If a serviceability tool is not in use, please run with -Djdk.instrument.traceUsage for more information
WARNING: Dynamic loading of agents will be disallowed by default in a future release
]]></system-err>
  </testcase>
</testsuite>